<?xml version="1.0" encoding="utf-8"?>
<TestRun id="de94c454-98b2-4b2d-993c-056117dd68a5" name="@ip-172-31-42-100 2024-06-29 12:25:38" xmlns="http://microsoft.com/schemas/VisualStudio/TeamTest/2010">
  <Times creation="2024-06-29T12:25:38.0416042+00:00" queuing="2024-06-29T12:25:38.0416052+00:00" start="2024-06-29T12:25:36.7683017+00:00" finish="2024-06-29T12:25:38.0689569+00:00" />
  <TestSettings name="default" id="46dda92f-19d6-4c6a-a6bf-54b6cc272b38">
    <Deployment runDeploymentRoot="_ip-172-31-42-100_2024-06-29_12_25_38" />
  </TestSettings>
  <Results>
    <UnitTestResult executionId="ba4d6d42-9131-4101-8f50-bcbf61a0e393" testId="013616f2-f5d1-5fdf-7218-e05433e50549" testName="TheTimeIsNow" computerName="ip-172-31-42-100" duration="00:00:00.0240380" startTime="2024-06-29T12:25:37.0000000+00:00" endTime="2024-06-29T12:25:37.0000000+00:00" testType="13cdc9d9-ddb5-4fa4-a97d-d965ccfc6d4b" outcome="Passed" testListId="8c84fa94-04c1-424b-9868-57a2d4851a1d" relativeResultsDirectory="ba4d6d42-9131-4101-8f50-bcbf61a0e393" />
  </Results>
  <TestDefinitions>
    <UnitTest name="TheTimeIsNow" storage="/wwwroot/devopstask/super-service/test/bin/debug/net6.0/superservice.unittests.dll" id="013616f2-f5d1-5fdf-7218-e05433e50549">
      <Execution id="ba4d6d42-9131-4101-8f50-bcbf61a0e393" />
      <TestMethod codeBase="/wwwroot/devopstask/super-service/test/bin/Debug/net6.0/SuperService.UnitTests.dll" adapterTypeName="executor://nunit3testexecutor/" className="SuperService.UnitTests.TimeControllerTests" name="TheTimeIsNow" />
    </UnitTest>
  </TestDefinitions>
  <TestEntries>
    <TestEntry testId="013616f2-f5d1-5fdf-7218-e05433e50549" executionId="ba4d6d42-9131-4101-8f50-bcbf61a0e393" testListId="8c84fa94-04c1-424b-9868-57a2d4851a1d" />
  </TestEntries>
  <TestLists>
    <TestList name="Results Not in a List" id="8c84fa94-04c1-424b-9868-57a2d4851a1d" />
    <TestList name="All Loaded Results" id="19431567-8539-422a-85d7-44ee4e166bda" />
  </TestLists>
  <ResultSummary outcome="Completed">
    <Counters total="1" executed="1" passed="1" failed="0" error="0" timeout="0" aborted="0" inconclusive="0" passedButRunAborted="0" notRunnable="0" notExecuted="0" disconnected="0" warning="0" completed="0" inProgress="0" pending="0" />
    <Output>
      <StdOut>NUnit Adapter 3.15.1.0: Test execution started
Running all tests in /wwwroot/devopstask/super-service/test/bin/Debug/net6.0/SuperService.UnitTests.dll
   NUnit3TestExecutor converted 1 of 1 NUnit test cases
NUnit Adapter 3.15.1.0: Test execution complete
</StdOut>
    </Output>
  </ResultSummary>
</TestRun>